----------------------------------------------------------------------------
SUMMARY-            Translator Settings
----------------------------------------------------------------------------
UNITS                                              = ENGLISH                                           
MAX_SPLINE_DEGREE                                  = 3                                                 
UGI_IMPORT_POLYLINE                                = SPLINE                                            
UGI_DIM_IMPORT_FLAG                                = GROUP                                             
FILL_MODE                                          = OFF                                               
IMPORT_ACAD_MODEL_DATA                             = YES                                               
IMPORT_ACAD_MODEL_DATA_TO                          = MODELING                                          
IMPORT_ACAD_LAYOUTS                                = YES                                               
IMPORT_ACAD_LAYOUTS_TO                             = IMPORTED_VIEW                                     
IMPORT_ACAD_CURVES_ON_SKETCH                       = NO                                                
AVOID_NX_TEMPLATE_PART_LAYERS                      = YES                                               
SET_NX_LAYER_NUMBER_FROM_PREFIX                    = NO                                                
SKIP_UNREFERENCED_ACAD_LAYERS                      = YES                                               
IMPORT_UNSELECTED_ACAD_LAYERS                      = NO                                                
IMPORT_UNSELECTED_ACAD_LAYERS_TO                   = 256                                               
NON_NUMERIC_LAYER_SORTING_CRITERIA                 = ALPHABETICAL                                      
-------------------------------End------------------------------------------

----------------------------------------------------------------------------
SUMMARY-            ACAD and NX Layer Mapping Info
----------------------------------------------------------------------------
ACAD Layer                                        NX Layer                                          
------------                                      -----------                                       
0                                                 2                                                 
1                                                 1                                                 
16                                                16                                                
17                                                17                                                
18                                                18                                                
19                                                19                                                
20                                                20                                                
21                                                21                                                
23                                                23                                                
25                                                25                                                
26                                                26                                                
27                                                27                                                
29                                                29                                                
31                                                31                                                
39                                                39                                                
51                                                51                                                
-------------------------------End------------------------------------------

----------------------------------------------------------------------------
SUMMARY-            ACAD and NX Linefonts Mapping Info
----------------------------------------------------------------------------
ACAD Linefont                                     NX Linefont                                       
------------                                      -----------                                       
CONTINUOUS                                        Solid                                             
-------------------------------End------------------------------------------

----------------------------------------------------------------------------
SUMMARY-            ACAD Text Fonts And NX Text Fonts Info
----------------------------------------------------------------------------
ACAD TextFont                                     NX TextFont                                       
------------                                      -----------                                       
txt.shx                                           Arial Unicode MS                                  
-------------------------------End------------------------------------------

----------------------------------------------------------------------------
SUMMARY-            ACAD and NX Hatch Pattern Mapping Info
----------------------------------------------------------------------------
ACAD Hatch Pattern                                NX Hatch Pattern                                  
------------                                      -----------                                       

-None-
-------------------------------End------------------------------------------

INFO-
INFO-		AutoCAD 16 to Unigraphics Version NX V9.0
INFO-		3.08
INFO-
INFO-		Running DXFTOUG Translator .....
INFO-
INFO-		Start of Translation: Thu Dec 18 22:01:30 2014
INFO-
STATUS-		Converting C:\Users\Brian\Documents\eagle\Graduation Cap\capv0.dxf
STATUS-
SUMMARY-
SUMMARY-	Summary of AutoCAD Input Entities
SUMMARY-	For AutoCAD File: C:\Users\Brian\Documents\eagle\Graduation Cap\capv0.dxf
SUMMARY-SUMMARY-	------------------------------------------------------------------
SUMMARY-	Entity Type					Count
SUMMARY-	------------------------------------------------------------------
SUMMARY-	Arc ......................................:	48
SUMMARY-	Circle ...................................:	106
SUMMARY-	Point ....................................:	34
SUMMARY-	Line .....................................:	1876
SUMMARY-	Layout ...................................:	1
SUMMARY-	Xrefed files ............................:	456
SUMMARY-	------------------------------------------------------------------
SUMMARY-	Total ....................................:	2521
SUMMARY-	------------------------------------------------------------------
SUMMARY-
STATUS-
INFO-
INFO-		Writing File: C:\Users\Brian\Documents\eagle\Graduation Cap\capv0.prt
SUMMARY-	Summary of UG Output Entities
SUMMARY-	------------------------------------------------------------------
SUMMARY-	Entity Type					Count
SUMMARY-	------------------------------------------------------------------
SUMMARY-	Line .....................................:	4452
SUMMARY-	Point ....................................:	490
SUMMARY-	Arc ......................................:	48
SUMMARY-	Circle ......................................:	106
SUMMARY-	Group ....................................:	457
SUMMARY-	Layout ...................................:	1
SUMMARY-	Area Fill ................................:	372
SUMMARY-	------------------------------------------------------------------
SUMMARY-	Total ....................................:	5926
SUMMARY-	------------------------------------------------------------------
SUMMARY-
INFO-
INFO-		End of Translation: Thu Dec 18 22:01:31 2014
INFO-		Translation CPU time: 0 m, 2 s
INFO-
